<?xml version="1.0"?>
<testsuites>
  <testsuite name="PhantomJS 1.9.7 (Mac OS X 0.0.0)" package="" timestamp="2015-11-19T22:15:26" id="0" hostname="MacBook-Pro-de-Eduard.local">
    <properties>
      <property name="browser.fullName" value="Mozilla/5.0 (Macintosh; Intel Mac OS X) AppleWebKit/534.34 (KHTML, like Gecko) PhantomJS/1.9.7 Safari/534.34"/>
    </properties>
  </testsuite>
  <testsuite name="PhantomJS 1.9.7 (Mac OS X 0.0.0)" package="" timestamp="2015-11-19T22:15:26" id="0" hostname="MacBook-Pro-de-Eduard.local" tests="1" errors="1" failures="1" time="0.009">
    <properties>
      <property name="browser.fullName" value="Mozilla/5.0 (Macintosh; Intel Mac OS X) AppleWebKit/534.34 (KHTML, like Gecko) PhantomJS/1.9.7 Safari/534.34"/>
    </properties>
    <testcase name="should have a properly working homeController controller" time="0.009" classname="PhantomJS 1.9.7 (Mac OS X 0.0.0).Unit: Testing Controllers">
      <failure type="">Error: [$injector:unpr] http://errors.angularjs.org/1.3.15/$injector/unpr?p0=angularGridInstanceProvider%20%3C-%20angularGridInstance%20%3C-%20homeController
    at /Users/eduardgomezcoll/GitHub/gangashunters/app/bower_components/angular/angular.min.js:38
    at d (/Users/eduardgomezcoll/GitHub/gangashunters/app/bower_components/angular/angular.min.js:36)
    at /Users/eduardgomezcoll/GitHub/gangashunters/app/bower_components/angular/angular.min.js:38
    at d (/Users/eduardgomezcoll/GitHub/gangashunters/app/bower_components/angular/angular.min.js:36)
    at e (/Users/eduardgomezcoll/GitHub/gangashunters/app/bower_components/angular/angular.min.js:36)
    at /Users/eduardgomezcoll/GitHub/gangashunters/app/bower_components/angular/angular.min.js:36
    at /Users/eduardgomezcoll/GitHub/gangashunters/app/bower_components/angular/angular.min.js:76
    at /Users/eduardgomezcoll/GitHub/gangashunters/app/bower_components/angular-mocks/angular-mocks.js:1878
    at /Users/eduardgomezcoll/GitHub/gangashunters/test/unit/controllers/controllersSpec.js:12
    at e (/Users/eduardgomezcoll/GitHub/gangashunters/app/bower_components/angular/angular.min.js:36)
    at workFn (/Users/eduardgomezcoll/GitHub/gangashunters/app/bower_components/angular-mocks/angular-mocks.js:2436)
undefined
</failure>
    </testcase>
    <system-out><![CDATA[
]]></system-out>
    <system-err/>
  </testsuite>
</testsuites>
