<?xml version="1.0"?>
<testsuites>
  <testsuite name="PhantomJS 1.9.7 (Windows 7 0.0.0)" package="" timestamp="2016-01-04T12:53:18" id="0" hostname="PCBCN1154">
    <properties>
      <property name="browser.fullName" value="Mozilla/5.0 (Windows NT 6.1; WOW64) AppleWebKit/534.34 (KHTML, like Gecko) PhantomJS/1.9.7 Safari/534.34"/>
    </properties>
  </testsuite>
  <testsuite name="PhantomJS 1.9.7 (Windows 7 0.0.0)" package="" timestamp="2016-01-04T12:53:18" id="0" hostname="PCBCN1154" tests="1" errors="1" failures="1" time="0.011">
    <properties>
      <property name="browser.fullName" value="Mozilla/5.0 (Windows NT 6.1; WOW64) AppleWebKit/534.34 (KHTML, like Gecko) PhantomJS/1.9.7 Safari/534.34"/>
    </properties>
    <testcase name="should have a properly working homeController controller" time="0.011" classname="PhantomJS 1.9.7 (Windows 7 0.0.0).Unit: Testing Controllers">
      <failure type="">Error: [$injector:unpr] http://errors.angularjs.org/1.3.20/$injector/unpr?p0=angularGridInstanceProvider%20%3C-%20angularGridInstance%20%3C-%20homeController
    at C:/development/repositories/generator/gh/gangashunters/app/bower_components/angular/angular.min.js:38
    at d (C:/development/repositories/generator/gh/gangashunters/app/bower_components/angular/angular.min.js:36)
    at C:/development/repositories/generator/gh/gangashunters/app/bower_components/angular/angular.min.js:38
    at d (C:/development/repositories/generator/gh/gangashunters/app/bower_components/angular/angular.min.js:36)
    at e (C:/development/repositories/generator/gh/gangashunters/app/bower_components/angular/angular.min.js:36)
    at C:/development/repositories/generator/gh/gangashunters/app/bower_components/angular/angular.min.js:36
    at C:/development/repositories/generator/gh/gangashunters/app/bower_components/angular/angular.min.js:76
    at C:/development/repositories/generator/gh/gangashunters/app/bower_components/angular-mocks/angular-mocks.js:1878
    at C:/development/repositories/generator/gh/gangashunters/test/unit/controllers/controllersSpec.js:12
    at e (C:/development/repositories/generator/gh/gangashunters/app/bower_components/angular/angular.min.js:36)
    at workFn (C:/development/repositories/generator/gh/gangashunters/app/bower_components/angular-mocks/angular-mocks.js:2436)
undefined
</failure>
    </testcase>
    <system-out><![CDATA[
]]></system-out>
    <system-err/>
  </testsuite>
</testsuites>
